This file contains any messages produced by compilers while
running configure, to aid debugging if configure makes a mistake.

It was created by sudoku-cpp configure 0.1, which was
generated by GNU Autoconf 2.61.  Invocation command line was

  $ ./configure --enable-maintainer-mode

## --------- ##
## Platform. ##
## --------- ##

hostname = mathias-laptop
uname -m = i686
uname -r = 2.6.22-10-generic
uname -s = Linux
uname -v = #1 SMP Wed Aug 22 08:11:52 GMT 2007

/usr/bin/uname -p = unknown
/bin/uname -X     = unknown

/bin/arch              = unknown
/usr/bin/arch -k       = unknown
/usr/convex/getsysinfo = unknown
/usr/bin/hostinfo      = unknown
/bin/machine           = unknown
/usr/bin/oslevel       = unknown
/bin/universe          = unknown

PATH: /usr/local/sbin
PATH: /usr/local/bin
PATH: /usr/sbin
PATH: /usr/bin
PATH: /sbin
PATH: /bin
PATH: /usr/games


## ----------- ##
## Core tests. ##
## ----------- ##

configure:2022: checking for a BSD-compatible install
configure:2078: result: /usr/bin/install -c
configure:2089: checking whether build environment is sane
configure:2132: result: yes
configure:2160: checking for a thread-safe mkdir -p
configure:2199: result: /bin/mkdir -p
configure:2212: checking for gawk
configure:2242: result: no
configure:2212: checking for mawk
configure:2228: found /usr/bin/mawk
configure:2239: result: mawk
configure:2250: checking whether make sets $(MAKE)
configure:2271: result: yes
configure:2461: checking whether to enable maintainer-specific portions of Makefiles
configure:2470: result: yes
configure:2496: checking for style of include used by make
configure:2524: result: GNU
configure:2594: checking for gcc
configure:2610: found /usr/bin/gcc
configure:2621: result: gcc
configure:2859: checking for C compiler version
configure:2866: gcc --version >&5
gcc (GCC) 4.1.3 20070831 (prerelease) (Ubuntu 4.1.2-16ubuntu1)
Copyright (C) 2006 Free Software Foundation, Inc.
This is free software; see the source for copying conditions.  There is NO
warranty; not even for MERCHANTABILITY or FITNESS FOR A PARTICULAR PURPOSE.

configure:2869: $? = 0
configure:2876: gcc -v >&5
Using built-in specs.
Target: i486-linux-gnu
Configured with: ../src/configure -v --enable-languages=c,c++,fortran,objc,obj-c++,treelang --prefix=/usr --enable-shared --with-system-zlib --libexecdir=/usr/lib --without-included-gettext --enable-threads=posix --enable-nls --with-gxx-include-dir=/usr/include/c++/4.1.3 --program-suffix=-4.1 --enable-__cxa_atexit --enable-clocale=gnu --enable-libstdcxx-debug --enable-mpfr --enable-checking=release i486-linux-gnu
Thread model: posix
gcc version 4.1.3 20070831 (prerelease) (Ubuntu 4.1.2-16ubuntu1)
configure:2879: $? = 0
configure:2886: gcc -V >&5
gcc: '-V' option must have argument
configure:2889: $? = 1
configure:2912: checking for C compiler default output file name
configure:2939: gcc    conftest.c  >&5
configure:2942: $? = 0
configure:2980: result: a.out
configure:2997: checking whether the C compiler works
configure:3007: ./a.out
configure:3010: $? = 0
configure:3027: result: yes
configure:3034: checking whether we are cross compiling
configure:3036: result: no
configure:3039: checking for suffix of executables
configure:3046: gcc -o conftest    conftest.c  >&5
configure:3049: $? = 0
configure:3073: result: 
configure:3079: checking for suffix of object files
configure:3105: gcc -c   conftest.c >&5
configure:3108: $? = 0
configure:3131: result: o
configure:3135: checking whether we are using the GNU C compiler
configure:3164: gcc -c   conftest.c >&5
configure:3170: $? = 0
configure:3187: result: yes
configure:3192: checking whether gcc accepts -g
configure:3222: gcc -c -g  conftest.c >&5
configure:3228: $? = 0
configure:3327: result: yes
configure:3344: checking for gcc option to accept ISO C89
configure:3418: gcc  -c -g -O2  conftest.c >&5
configure:3424: $? = 0
configure:3447: result: none needed
configure:3467: checking dependency style of gcc
configure:3558: result: gcc3
configure:3574: checking for library containing strerror
configure:3615: gcc -o conftest -g -O2   conftest.c  >&5
configure:3621: $? = 0
configure:3649: result: none required
configure:3715: checking for g++
configure:3731: found /usr/bin/g++
configure:3742: result: g++
configure:3773: checking for C++ compiler version
configure:3780: g++ --version >&5
g++ (GCC) 4.1.3 20070831 (prerelease) (Ubuntu 4.1.2-16ubuntu1)
Copyright (C) 2006 Free Software Foundation, Inc.
This is free software; see the source for copying conditions.  There is NO
warranty; not even for MERCHANTABILITY or FITNESS FOR A PARTICULAR PURPOSE.

configure:3783: $? = 0
configure:3790: g++ -v >&5
Using built-in specs.
Target: i486-linux-gnu
Configured with: ../src/configure -v --enable-languages=c,c++,fortran,objc,obj-c++,treelang --prefix=/usr --enable-shared --with-system-zlib --libexecdir=/usr/lib --without-included-gettext --enable-threads=posix --enable-nls --with-gxx-include-dir=/usr/include/c++/4.1.3 --program-suffix=-4.1 --enable-__cxa_atexit --enable-clocale=gnu --enable-libstdcxx-debug --enable-mpfr --enable-checking=release i486-linux-gnu
Thread model: posix
gcc version 4.1.3 20070831 (prerelease) (Ubuntu 4.1.2-16ubuntu1)
configure:3793: $? = 0
configure:3800: g++ -V >&5
g++: '-V' option must have argument
configure:3803: $? = 1
configure:3806: checking whether we are using the GNU C++ compiler
configure:3835: g++ -c   conftest.cpp >&5
configure:3841: $? = 0
configure:3858: result: yes
configure:3863: checking whether g++ accepts -g
configure:3893: g++ -c -g  conftest.cpp >&5
configure:3899: $? = 0
configure:3998: result: yes
configure:4023: checking dependency style of g++
configure:4114: result: gcc3
configure:4177: checking for gcc
configure:4204: result: gcc
configure:4442: checking for C compiler version
configure:4449: gcc --version >&5
gcc (GCC) 4.1.3 20070831 (prerelease) (Ubuntu 4.1.2-16ubuntu1)
Copyright (C) 2006 Free Software Foundation, Inc.
This is free software; see the source for copying conditions.  There is NO
warranty; not even for MERCHANTABILITY or FITNESS FOR A PARTICULAR PURPOSE.

configure:4452: $? = 0
configure:4459: gcc -v >&5
Using built-in specs.
Target: i486-linux-gnu
Configured with: ../src/configure -v --enable-languages=c,c++,fortran,objc,obj-c++,treelang --prefix=/usr --enable-shared --with-system-zlib --libexecdir=/usr/lib --without-included-gettext --enable-threads=posix --enable-nls --with-gxx-include-dir=/usr/include/c++/4.1.3 --program-suffix=-4.1 --enable-__cxa_atexit --enable-clocale=gnu --enable-libstdcxx-debug --enable-mpfr --enable-checking=release i486-linux-gnu
Thread model: posix
gcc version 4.1.3 20070831 (prerelease) (Ubuntu 4.1.2-16ubuntu1)
configure:4462: $? = 0
configure:4469: gcc -V >&5
gcc: '-V' option must have argument
configure:4472: $? = 1
configure:4475: checking whether we are using the GNU C compiler
configure:4527: result: yes
configure:4532: checking whether gcc accepts -g
configure:4667: result: yes
configure:4684: checking for gcc option to accept ISO C89
configure:4787: result: none needed
configure:4807: checking dependency style of gcc
configure:4898: result: gcc3
configure:4921: checking how to run the C preprocessor
configure:4961: gcc -E  conftest.c
configure:4967: $? = 0
configure:4998: gcc -E  conftest.c
conftest.c:10:28: error: ac_nonexistent.h: No such file or directory
configure:5004: $? = 1
configure: failed program was:
| /* confdefs.h.  */
| #define PACKAGE_NAME "sudoku-cpp"
| #define PACKAGE_TARNAME "sudoku-cpp"
| #define PACKAGE_VERSION "0.1"
| #define PACKAGE_STRING "sudoku-cpp 0.1"
| #define PACKAGE_BUGREPORT ""
| #define PACKAGE "sudoku-cpp"
| #define VERSION "0.1"
| /* end confdefs.h.  */
| #include <ac_nonexistent.h>
configure:5037: result: gcc -E
configure:5066: gcc -E  conftest.c
configure:5072: $? = 0
configure:5103: gcc -E  conftest.c
conftest.c:10:28: error: ac_nonexistent.h: No such file or directory
configure:5109: $? = 1
configure: failed program was:
| /* confdefs.h.  */
| #define PACKAGE_NAME "sudoku-cpp"
| #define PACKAGE_TARNAME "sudoku-cpp"
| #define PACKAGE_VERSION "0.1"
| #define PACKAGE_STRING "sudoku-cpp 0.1"
| #define PACKAGE_BUGREPORT ""
| #define PACKAGE "sudoku-cpp"
| #define VERSION "0.1"
| /* end confdefs.h.  */
| #include <ac_nonexistent.h>
configure:5147: checking for grep that handles long lines and -e
configure:5221: result: /bin/grep
configure:5226: checking for egrep
configure:5304: result: /bin/grep -E
configure:5309: checking for ANSI C header files
configure:5339: gcc -c -g -O2  conftest.c >&5
configure:5345: $? = 0
configure:5444: gcc -o conftest -g -O2   conftest.c  >&5
configure:5447: $? = 0
configure:5453: ./conftest
configure:5456: $? = 0
configure:5473: result: yes
configure:5508: checking for sys/types.h
configure:5529: gcc -c -g -O2  conftest.c >&5
configure:5535: $? = 0
configure:5551: result: yes
configure:5508: checking for sys/stat.h
configure:5529: gcc -c -g -O2  conftest.c >&5
configure:5535: $? = 0
configure:5551: result: yes
configure:5508: checking for stdlib.h
configure:5529: gcc -c -g -O2  conftest.c >&5
configure:5535: $? = 0
configure:5551: result: yes
configure:5508: checking for string.h
configure:5529: gcc -c -g -O2  conftest.c >&5
configure:5535: $? = 0
configure:5551: result: yes
configure:5508: checking for memory.h
configure:5529: gcc -c -g -O2  conftest.c >&5
configure:5535: $? = 0
configure:5551: result: yes
configure:5508: checking for strings.h
configure:5529: gcc -c -g -O2  conftest.c >&5
configure:5535: $? = 0
configure:5551: result: yes
configure:5508: checking for inttypes.h
configure:5529: gcc -c -g -O2  conftest.c >&5
configure:5535: $? = 0
configure:5551: result: yes
configure:5508: checking for stdint.h
configure:5529: gcc -c -g -O2  conftest.c >&5
configure:5535: $? = 0
configure:5551: result: yes
configure:5508: checking for unistd.h
configure:5529: gcc -c -g -O2  conftest.c >&5
configure:5535: $? = 0
configure:5551: result: yes
configure:5569: checking build system type
configure:5587: result: i686-pc-linux-gnu
configure:5609: checking host system type
configure:5624: result: i686-pc-linux-gnu
configure:5662: checking locale.h usability
configure:5679: gcc -c -g -O2  conftest.c >&5
configure:5685: $? = 0
configure:5699: result: yes
configure:5703: checking locale.h presence
configure:5718: gcc -E  conftest.c
configure:5724: $? = 0
configure:5738: result: yes
configure:5766: checking for locale.h
configure:5774: result: yes
configure:5788: checking for LC_MESSAGES
configure:5814: gcc -o conftest -g -O2   conftest.c  >&5
configure:5820: $? = 0
configure:5837: result: yes
configure:5866: checking libintl.h usability
configure:5883: gcc -c -g -O2  conftest.c >&5
configure:5889: $? = 0
configure:5903: result: yes
configure:5907: checking libintl.h presence
configure:5922: gcc -E  conftest.c
configure:5928: $? = 0
configure:5942: result: yes
configure:5970: checking for libintl.h
configure:5977: result: yes
configure:5988: checking for ngettext in libc
configure:6016: gcc -o conftest -g -O2   conftest.c  >&5
configure:6022: $? = 0
configure:6040: result: yes
configure:6044: checking for dgettext in libc
configure:6072: gcc -o conftest -g -O2   conftest.c  >&5
configure:6078: $? = 0
configure:6096: result: yes
configure:6105: checking for bind_textdomain_codeset
configure:6161: gcc -o conftest -g -O2   conftest.c  >&5
configure:6167: $? = 0
configure:6185: result: yes
configure:6672: checking for msgfmt
configure:6699: result: /usr/bin/msgfmt
configure:6712: checking for dcgettext
configure:6768: gcc -o conftest -g -O2   conftest.c   >&5
conftest.c:48: warning: conflicting types for built-in function 'dcgettext'
configure:6774: $? = 0
configure:6792: result: yes
configure:6803: checking if msgfmt accepts -c
configure:6818: $MSGFMT -c -o /dev/null conftest.foo
configure:6821: $? = 0
configure:6823: result: yes
configure:6833: checking for gmsgfmt
configure:6864: result: /usr/bin/msgfmt
configure:6874: checking for xgettext
configure:6901: result: /usr/bin/xgettext
configure:6930: gcc -o conftest -g -O2   conftest.c   >&5
configure:6936: $? = 0
configure:7174: checking for intltool >= 0.35.0
configure:7181: result: 0.36.1 found
configure:7239: checking for perl
configure:7257: found /usr/bin/perl
configure:7269: result: /usr/bin/perl
configure:7288: checking for XML::Parser
configure:7291: result: ok
configure:7528: checking for a sed that does not truncate output
configure:7584: result: /bin/sed
configure:7598: checking for ld used by gcc
configure:7665: result: /usr/bin/ld
configure:7674: checking if the linker (/usr/bin/ld) is GNU ld
configure:7689: result: yes
configure:7694: checking for /usr/bin/ld option to reload object files
configure:7701: result: -r
configure:7719: checking for BSD-compatible nm
configure:7768: result: /usr/bin/nm -B
configure:7772: checking whether ln -s works
configure:7776: result: yes
configure:7783: checking how to recognize dependent libraries
configure:7969: result: pass_all
configure:8219: checking dlfcn.h usability
configure:8236: gcc -c -g -O2  conftest.c >&5
configure:8242: $? = 0
configure:8256: result: yes
configure:8260: checking dlfcn.h presence
configure:8275: gcc -E  conftest.c
configure:8281: $? = 0
configure:8295: result: yes
configure:8323: checking for dlfcn.h
configure:8331: result: yes
configure:8354: checking how to run the C++ preprocessor
configure:8390: g++ -E  conftest.cpp
configure:8396: $? = 0
configure:8427: g++ -E  conftest.cpp
conftest.cpp:28:28: error: ac_nonexistent.h: No such file or directory
configure:8433: $? = 1
configure: failed program was:
| /* confdefs.h.  */
| #define PACKAGE_NAME "sudoku-cpp"
| #define PACKAGE_TARNAME "sudoku-cpp"
| #define PACKAGE_VERSION "0.1"
| #define PACKAGE_STRING "sudoku-cpp 0.1"
| #define PACKAGE_BUGREPORT ""
| #define PACKAGE "sudoku-cpp"
| #define VERSION "0.1"
| #define STDC_HEADERS 1
| #define GETTEXT_PACKAGE "sudoku-cpp"
| #define HAVE_SYS_TYPES_H 1
| #define HAVE_SYS_STAT_H 1
| #define HAVE_STDLIB_H 1
| #define HAVE_STRING_H 1
| #define HAVE_MEMORY_H 1
| #define HAVE_STRINGS_H 1
| #define HAVE_INTTYPES_H 1
| #define HAVE_STDINT_H 1
| #define HAVE_UNISTD_H 1
| #define HAVE_LOCALE_H 1
| #define HAVE_LC_MESSAGES 1
| #define HAVE_BIND_TEXTDOMAIN_CODESET 1
| #define HAVE_GETTEXT 1
| #define HAVE_DCGETTEXT 1
| #define ENABLE_NLS 1
| #define HAVE_DLFCN_H 1
| /* end confdefs.h.  */
| #include <ac_nonexistent.h>
configure:8466: result: g++ -E
configure:8495: g++ -E  conftest.cpp
configure:8501: $? = 0
configure:8532: g++ -E  conftest.cpp
conftest.cpp:28:28: error: ac_nonexistent.h: No such file or directory
configure:8538: $? = 1
configure: failed program was:
| /* confdefs.h.  */
| #define PACKAGE_NAME "sudoku-cpp"
| #define PACKAGE_TARNAME "sudoku-cpp"
| #define PACKAGE_VERSION "0.1"
| #define PACKAGE_STRING "sudoku-cpp 0.1"
| #define PACKAGE_BUGREPORT ""
| #define PACKAGE "sudoku-cpp"
| #define VERSION "0.1"
| #define STDC_HEADERS 1
| #define GETTEXT_PACKAGE "sudoku-cpp"
| #define HAVE_SYS_TYPES_H 1
| #define HAVE_SYS_STAT_H 1
| #define HAVE_STDLIB_H 1
| #define HAVE_STRING_H 1
| #define HAVE_MEMORY_H 1
| #define HAVE_STRINGS_H 1
| #define HAVE_INTTYPES_H 1
| #define HAVE_STDINT_H 1
| #define HAVE_UNISTD_H 1
| #define HAVE_LOCALE_H 1
| #define HAVE_LC_MESSAGES 1
| #define HAVE_BIND_TEXTDOMAIN_CODESET 1
| #define HAVE_GETTEXT 1
| #define HAVE_DCGETTEXT 1
| #define ENABLE_NLS 1
| #define HAVE_DLFCN_H 1
| /* end confdefs.h.  */
| #include <ac_nonexistent.h>
configure:8631: checking for g77
configure:8661: result: no
configure:8631: checking for xlf
configure:8661: result: no
configure:8631: checking for f77
configure:8661: result: no
configure:8631: checking for frt
configure:8661: result: no
configure:8631: checking for pgf77
configure:8661: result: no
configure:8631: checking for cf77
configure:8661: result: no
configure:8631: checking for fort77
configure:8661: result: no
configure:8631: checking for fl32
configure:8661: result: no
configure:8631: checking for af77
configure:8661: result: no
configure:8631: checking for xlf90
configure:8661: result: no
configure:8631: checking for f90
configure:8661: result: no
configure:8631: checking for pgf90
configure:8661: result: no
configure:8631: checking for pghpf
configure:8661: result: no
configure:8631: checking for epcf90
configure:8661: result: no
configure:8631: checking for gfortran
configure:8661: result: no
configure:8631: checking for g95
configure:8661: result: no
configure:8631: checking for xlf95
configure:8661: result: no
configure:8631: checking for f95
configure:8661: result: no
configure:8631: checking for fort
configure:8661: result: no
configure:8631: checking for ifort
configure:8661: result: no
configure:8631: checking for ifc
configure:8661: result: no
configure:8631: checking for efc
configure:8661: result: no
configure:8631: checking for pgf95
configure:8661: result: no
configure:8631: checking for lf95
configure:8661: result: no
configure:8631: checking for ftn
configure:8661: result: no
configure:8688: checking for Fortran 77 compiler version
configure:8695:  --version >&5
./configure: line 8696: --version: command not found
configure:8698: $? = 127
configure:8705:  -v >&5
./configure: line 8706: -v: command not found
configure:8708: $? = 127
configure:8715:  -V >&5
./configure: line 8716: -V: command not found
configure:8718: $? = 127
configure:8726: checking whether we are using the GNU Fortran 77 compiler
configure:8745:  -c  conftest.F >&5
./configure: line 8746: -c: command not found
configure:8751: $? = 127
configure: failed program was:
|       program main
| #ifndef __GNUC__
|        choke me
| #endif
| 
|       end
configure:8768: result: no
configure:8774: checking whether  accepts -g
configure:8791:  -c -g conftest.f >&5
./configure: line 8792: -c: command not found
configure:8797: $? = 127
configure: failed program was:
|       program main
| 
|       end
configure:8813: result: no
configure:8843: checking the maximum length of command line arguments
configure:8955: result: 98304
configure:8967: checking command to parse /usr/bin/nm -B output from gcc object
configure:9072: gcc -c -g -O2  conftest.c >&5
configure:9075: $? = 0
configure:9079: /usr/bin/nm -B conftest.o \| sed -n -e 's/^.*[ 	]\([ABCDGIRSTW][ABCDGIRSTW]*\)[ 	][ 	]*\([_A-Za-z][_A-Za-z0-9]*\)$/\1 \2 \2/p' \> conftest.nm
configure:9082: $? = 0
configure:9134: gcc -o conftest -g -O2   conftest.c conftstm.o >&5
configure:9137: $? = 0
configure:9175: result: ok
configure:9179: checking for objdir
configure:9194: result: .libs
configure:9286: checking for ar
configure:9302: found /usr/bin/ar
configure:9313: result: ar
configure:9382: checking for ranlib
configure:9398: found /usr/bin/ranlib
configure:9409: result: ranlib
configure:9478: checking for strip
configure:9494: found /usr/bin/strip
configure:9505: result: strip
configure:9791: checking if gcc supports -fno-rtti -fno-exceptions
configure:9809: gcc -c -g -O2  -fno-rtti -fno-exceptions conftest.c >&5
cc1: warning: command line option "-fno-rtti" is valid for C++/ObjC++ but not for C
configure:9813: $? = 0
configure:9826: result: no
configure:9841: checking for gcc option to produce PIC
configure:10073: result: -fPIC
configure:10081: checking if gcc PIC flag -fPIC works
configure:10099: gcc -c -g -O2  -fPIC -DPIC conftest.c >&5
configure:10103: $? = 0
configure:10116: result: yes
configure:10144: checking if gcc static flag -static works
configure:10172: result: yes
configure:10182: checking if gcc supports -c -o file.o
configure:10203: gcc -c -g -O2  -o out/conftest2.o conftest.c >&5
configure:10207: $? = 0
configure:10229: result: yes
configure:10255: checking whether the gcc linker (/usr/bin/ld) supports shared libraries
configure:11236: result: yes
configure:11257: checking whether -lc should be explicitly linked in
configure:11262: gcc -c -g -O2  conftest.c >&5
configure:11265: $? = 0
configure:11280: gcc -shared conftest.o  -v -Wl,-soname -Wl,conftest -o conftest 2\>\&1 \| grep  -lc  \>/dev/null 2\>\&1
configure:11283: $? = 0
configure:11295: result: no
configure:11303: checking dynamic linker characteristics
configure:11917: result: GNU/Linux ld.so
configure:11926: checking how to hardcode library paths into programs
configure:11951: result: immediate
configure:11965: checking whether stripping libraries is possible
configure:11970: result: yes
configure:12772: checking if libtool supports shared libraries
configure:12774: result: yes
configure:12777: checking whether to build shared libraries
configure:12798: result: yes
configure:12801: checking whether to build static libraries
configure:12805: result: yes
configure:12898: creating libtool
configure:13486: checking for ld used by g++
configure:13553: result: /usr/bin/ld
configure:13562: checking if the linker (/usr/bin/ld) is GNU ld
configure:13577: result: yes
configure:13628: checking whether the g++ linker (/usr/bin/ld) supports shared libraries
configure:14602: result: yes
configure:14620: g++ -c -g -O2  conftest.cpp >&5
configure:14623: $? = 0
configure:14775: checking for g++ option to produce PIC
configure:15059: result: -fPIC
configure:15067: checking if g++ PIC flag -fPIC works
configure:15085: g++ -c -g -O2  -fPIC -DPIC conftest.cpp >&5
configure:15089: $? = 0
configure:15102: result: yes
configure:15130: checking if g++ static flag -static works
configure:15158: result: yes
configure:15168: checking if g++ supports -c -o file.o
configure:15189: g++ -c -g -O2  -o out/conftest2.o conftest.cpp >&5
configure:15193: $? = 0
configure:15215: result: yes
configure:15241: checking whether the g++ linker (/usr/bin/ld) supports shared libraries
configure:15269: result: yes
configure:15336: checking dynamic linker characteristics
configure:15898: result: GNU/Linux ld.so
configure:15907: checking how to hardcode library paths into programs
configure:15932: result: immediate
configure:22276: creating ./config.status

## ---------------------- ##
## Running config.status. ##
## ---------------------- ##

This file was extended by sudoku-cpp config.status 0.1, which was
generated by GNU Autoconf 2.61.  Invocation command line was

  CONFIG_FILES    = 
  CONFIG_HEADERS  = 
  CONFIG_LINKS    = 
  CONFIG_COMMANDS = 
  $ ./config.status 

on mathias-laptop

config.status:715: creating Makefile
config.status:715: creating src/Makefile
config.status:715: creating po/Makefile.in
config.status:715: creating config.h
config.status:995: executing depfiles commands
config.status:995: executing default-1 commands
config.status:995: executing intltool commands
config.status:995: executing po/stamp-it commands

## ---------------- ##
## Cache variables. ##
## ---------------- ##

ac_cv_build=i686-pc-linux-gnu
ac_cv_c_compiler_gnu=yes
ac_cv_cxx_compiler_gnu=yes
ac_cv_env_CCC_set=
ac_cv_env_CCC_value=
ac_cv_env_CC_set=
ac_cv_env_CC_value=
ac_cv_env_CFLAGS_set=
ac_cv_env_CFLAGS_value=
ac_cv_env_CPPFLAGS_set=
ac_cv_env_CPPFLAGS_value=
ac_cv_env_CPP_set=
ac_cv_env_CPP_value=
ac_cv_env_CXXCPP_set=
ac_cv_env_CXXCPP_value=
ac_cv_env_CXXFLAGS_set=
ac_cv_env_CXXFLAGS_value=
ac_cv_env_CXX_set=
ac_cv_env_CXX_value=
ac_cv_env_F77_set=
ac_cv_env_F77_value=
ac_cv_env_FFLAGS_set=
ac_cv_env_FFLAGS_value=
ac_cv_env_LDFLAGS_set=
ac_cv_env_LDFLAGS_value=
ac_cv_env_LIBS_set=
ac_cv_env_LIBS_value=
ac_cv_env_build_alias_set=
ac_cv_env_build_alias_value=
ac_cv_env_host_alias_set=
ac_cv_env_host_alias_value=
ac_cv_env_target_alias_set=
ac_cv_env_target_alias_value=
ac_cv_f77_compiler_gnu=no
ac_cv_func_bind_textdomain_codeset=yes
ac_cv_func_dcgettext=yes
ac_cv_header_dlfcn_h=yes
ac_cv_header_inttypes_h=yes
ac_cv_header_libintl_h=yes
ac_cv_header_locale_h=yes
ac_cv_header_memory_h=yes
ac_cv_header_stdc=yes
ac_cv_header_stdint_h=yes
ac_cv_header_stdlib_h=yes
ac_cv_header_string_h=yes
ac_cv_header_strings_h=yes
ac_cv_header_sys_stat_h=yes
ac_cv_header_sys_types_h=yes
ac_cv_header_unistd_h=yes
ac_cv_host=i686-pc-linux-gnu
ac_cv_objext=o
ac_cv_path_EGREP='/bin/grep -E'
ac_cv_path_GMSGFMT=/usr/bin/msgfmt
ac_cv_path_GREP=/bin/grep
ac_cv_path_INTLTOOL_PERL=/usr/bin/perl
ac_cv_path_MSGFMT=/usr/bin/msgfmt
ac_cv_path_XGETTEXT=/usr/bin/xgettext
ac_cv_path_install='/usr/bin/install -c'
ac_cv_path_mkdir=/bin/mkdir
ac_cv_prog_AWK=mawk
ac_cv_prog_CPP='gcc -E'
ac_cv_prog_CXXCPP='g++ -E'
ac_cv_prog_ac_ct_AR=ar
ac_cv_prog_ac_ct_CC=gcc
ac_cv_prog_ac_ct_CXX=g++
ac_cv_prog_ac_ct_RANLIB=ranlib
ac_cv_prog_ac_ct_STRIP=strip
ac_cv_prog_cc_c89=
ac_cv_prog_cc_g=yes
ac_cv_prog_cxx_g=yes
ac_cv_prog_f77_g=no
ac_cv_prog_make_make_set=yes
ac_cv_search_strerror='none required'
am_cv_CC_dependencies_compiler_type=gcc3
am_cv_CXX_dependencies_compiler_type=gcc3
am_cv_prog_cc_stdc=
am_cv_val_LC_MESSAGES=yes
gt_cv_func_dgettext_libc=yes
gt_cv_func_dgettext_libintl=no
gt_cv_func_ngettext_libc=yes
gt_cv_have_gettext=yes
lt_cv_deplibs_check_method=pass_all
lt_cv_file_magic_cmd='$MAGIC_CMD'
lt_cv_file_magic_test_file=
lt_cv_ld_reload_flag=-r
lt_cv_objdir=.libs
lt_cv_path_LD=/usr/bin/ld
lt_cv_path_LDCXX=/usr/bin/ld
lt_cv_path_NM='/usr/bin/nm -B'
lt_cv_path_SED=/bin/sed
lt_cv_prog_compiler_c_o=yes
lt_cv_prog_compiler_c_o_CXX=yes
lt_cv_prog_compiler_rtti_exceptions=no
lt_cv_prog_gnu_ld=yes
lt_cv_prog_gnu_ldcxx=yes
lt_cv_sys_global_symbol_pipe='sed -n -e '\''s/^.*[ 	]\([ABCDGIRSTW][ABCDGIRSTW]*\)[ 	][ 	]*\([_A-Za-z][_A-Za-z0-9]*\)$/\1 \2 \2/p'\'''
lt_cv_sys_global_symbol_to_c_name_address='sed -n -e '\''s/^: \([^ ]*\) $/  {\"\1\", (lt_ptr) 0},/p'\'' -e '\''s/^[BCDEGRST] \([^ ]*\) \([^ ]*\)$/  {"\2", (lt_ptr) \&\2},/p'\'''
lt_cv_sys_global_symbol_to_cdecl='sed -n -e '\''s/^. .* \(.*\)$/extern int \1;/p'\'''
lt_cv_sys_max_cmd_len=98304
lt_lt_cv_prog_compiler_c_o='"yes"'
lt_lt_cv_prog_compiler_c_o_CXX='"yes"'
lt_lt_cv_sys_global_symbol_pipe='"sed -n -e '\''s/^.*[ 	]\\([ABCDGIRSTW][ABCDGIRSTW]*\\)[ 	][ 	]*\\([_A-Za-z][_A-Za-z0-9]*\\)\$/\\1 \\2 \\2/p'\''"'
lt_lt_cv_sys_global_symbol_to_c_name_address='"sed -n -e '\''s/^: \\([^ ]*\\) \$/  {\\\"\\1\\\", (lt_ptr) 0},/p'\'' -e '\''s/^[BCDEGRST] \\([^ ]*\\) \\([^ ]*\\)\$/  {\"\\2\", (lt_ptr) \\&\\2},/p'\''"'
lt_lt_cv_sys_global_symbol_to_cdecl='"sed -n -e '\''s/^. .* \\(.*\\)\$/extern int \\1;/p'\''"'

## ----------------- ##
## Output variables. ##
## ----------------- ##

ACLOCAL='${SHELL} /home/mathias/Projects/sudoku-cpp/missing --run aclocal-1.10'
ALL_LINGUAS=''
AMDEPBACKSLASH='\'
AMDEP_FALSE='#'
AMDEP_TRUE=''
AMTAR='${SHELL} /home/mathias/Projects/sudoku-cpp/missing --run tar'
AR='ar'
AUTOCONF='${SHELL} /home/mathias/Projects/sudoku-cpp/missing --run autoconf'
AUTOHEADER='${SHELL} /home/mathias/Projects/sudoku-cpp/missing --run autoheader'
AUTOMAKE='${SHELL} /home/mathias/Projects/sudoku-cpp/missing --run automake-1.10'
AWK='mawk'
CATALOGS=''
CATOBJEXT='.gmo'
CC='gcc'
CCDEPMODE='depmode=gcc3'
CFLAGS='-g -O2'
CPP='gcc -E'
CPPFLAGS=''
CXX='g++'
CXXCPP='g++ -E'
CXXDEPMODE='depmode=gcc3'
CXXFLAGS='-g -O2'
CYGPATH_W='echo'
DATADIRNAME='share'
DEFS='-DHAVE_CONFIG_H'
DEPDIR='.deps'
ECHO='echo'
ECHO_C=''
ECHO_N='-n'
ECHO_T=''
EGREP='/bin/grep -E'
EXEEXT=''
F77=''
FFLAGS=''
GETTEXT_PACKAGE='sudoku-cpp'
GMOFILES=''
GMSGFMT='/usr/bin/msgfmt'
GREP='/bin/grep'
INSTALL_DATA='${INSTALL} -m 644'
INSTALL_PROGRAM='${INSTALL}'
INSTALL_SCRIPT='${INSTALL}'
INSTALL_STRIP_PROGRAM='$(install_sh) -c -s'
INSTOBJEXT='.mo'
INTLLIBS=''
INTLTOOL_CAVES_RULE='%.caves:     %.caves.in     $(INTLTOOL_MERGE) $(wildcard $(top_srcdir)/po/*.po) ; LC_ALL=C $(INTLTOOL_MERGE) -d -u -c $(top_builddir)/po/.intltool-merge-cache $(top_srcdir)/po $< $@'
INTLTOOL_DESKTOP_RULE='%.desktop:   %.desktop.in   $(INTLTOOL_MERGE) $(wildcard $(top_srcdir)/po/*.po) ; LC_ALL=C $(INTLTOOL_MERGE) -d -u -c $(top_builddir)/po/.intltool-merge-cache $(top_srcdir)/po $< $@'
INTLTOOL_DIRECTORY_RULE='%.directory: %.directory.in $(INTLTOOL_MERGE) $(wildcard $(top_srcdir)/po/*.po) ; LC_ALL=C $(INTLTOOL_MERGE) -d -u -c $(top_builddir)/po/.intltool-merge-cache $(top_srcdir)/po $< $@'
INTLTOOL_EXTRACT='$(top_builddir)/intltool-extract'
INTLTOOL_KBD_RULE='%.kbd:       %.kbd.in       $(INTLTOOL_MERGE) $(wildcard $(top_srcdir)/po/*.po) ; LC_ALL=C $(INTLTOOL_MERGE) -x -u -m -c $(top_builddir)/po/.intltool-merge-cache $(top_srcdir)/po $< $@'
INTLTOOL_KEYS_RULE='%.keys:      %.keys.in      $(INTLTOOL_MERGE) $(wildcard $(top_srcdir)/po/*.po) ; LC_ALL=C $(INTLTOOL_MERGE) -k -u -c $(top_builddir)/po/.intltool-merge-cache $(top_srcdir)/po $< $@'
INTLTOOL_MERGE='$(top_builddir)/intltool-merge'
INTLTOOL_OAF_RULE='%.oaf:       %.oaf.in       $(INTLTOOL_MERGE) $(wildcard $(top_srcdir)/po/*.po) ; LC_ALL=C $(INTLTOOL_MERGE) -o -p $(top_srcdir)/po $< $@'
INTLTOOL_PERL='/usr/bin/perl'
INTLTOOL_POLICY_RULE='%.policy:    %.policy.in    $(INTLTOOL_MERGE) $(wildcard $(top_srcdir)/po/*.po) ; LC_ALL=C $(INTLTOOL_MERGE) -x -u -c $(top_builddir)/po/.intltool-merge-cache $(top_srcdir)/po $< $@'
INTLTOOL_PONG_RULE='%.pong:      %.pong.in      $(INTLTOOL_MERGE) $(wildcard $(top_srcdir)/po/*.po) ; LC_ALL=C $(INTLTOOL_MERGE) -x -u -c $(top_builddir)/po/.intltool-merge-cache $(top_srcdir)/po $< $@'
INTLTOOL_PROP_RULE='%.prop:      %.prop.in      $(INTLTOOL_MERGE) $(wildcard $(top_srcdir)/po/*.po) ; LC_ALL=C $(INTLTOOL_MERGE) -d -u -c $(top_builddir)/po/.intltool-merge-cache $(top_srcdir)/po $< $@'
INTLTOOL_SCHEMAS_RULE='%.schemas:   %.schemas.in   $(INTLTOOL_MERGE) $(wildcard $(top_srcdir)/po/*.po) ; LC_ALL=C $(INTLTOOL_MERGE) -s -u -c $(top_builddir)/po/.intltool-merge-cache $(top_srcdir)/po $< $@'
INTLTOOL_SERVER_RULE='%.server:    %.server.in    $(INTLTOOL_MERGE) $(wildcard $(top_srcdir)/po/*.po) ; LC_ALL=C $(INTLTOOL_MERGE) -o -u -c $(top_builddir)/po/.intltool-merge-cache $(top_srcdir)/po $< $@'
INTLTOOL_SERVICE_RULE='%.service: %.service.in   $(INTLTOOL_MERGE) $(wildcard $(top_srcdir)/po/*.po) ; LC_ALL=C $(INTLTOOL_MERGE) -d -u -c $(top_builddir)/po/.intltool-merge-cache $(top_srcdir)/po $< $@'
INTLTOOL_SHEET_RULE='%.sheet:     %.sheet.in     $(INTLTOOL_MERGE) $(wildcard $(top_srcdir)/po/*.po) ; LC_ALL=C $(INTLTOOL_MERGE) -x -u -c $(top_builddir)/po/.intltool-merge-cache $(top_srcdir)/po $< $@'
INTLTOOL_SOUNDLIST_RULE='%.soundlist: %.soundlist.in $(INTLTOOL_MERGE) $(wildcard $(top_srcdir)/po/*.po) ; LC_ALL=C $(INTLTOOL_MERGE) -d -u -c $(top_builddir)/po/.intltool-merge-cache $(top_srcdir)/po $< $@'
INTLTOOL_THEME_RULE='%.theme:     %.theme.in     $(INTLTOOL_MERGE) $(wildcard $(top_srcdir)/po/*.po) ; LC_ALL=C $(INTLTOOL_MERGE) -d -u -c $(top_builddir)/po/.intltool-merge-cache $(top_srcdir)/po $< $@'
INTLTOOL_UI_RULE='%.ui:        %.ui.in        $(INTLTOOL_MERGE) $(wildcard $(top_srcdir)/po/*.po) ; LC_ALL=C $(INTLTOOL_MERGE) -x -u -c $(top_builddir)/po/.intltool-merge-cache $(top_srcdir)/po $< $@'
INTLTOOL_UPDATE='$(top_builddir)/intltool-update'
INTLTOOL_XAM_RULE='%.xam:       %.xml.in       $(INTLTOOL_MERGE) $(wildcard $(top_srcdir)/po/*.po) ; LC_ALL=C $(INTLTOOL_MERGE) -x -u -c $(top_builddir)/po/.intltool-merge-cache $(top_srcdir)/po $< $@'
INTLTOOL_XML_NOMERGE_RULE='%.xml:       %.xml.in       $(INTLTOOL_MERGE) ; LC_ALL=C $(INTLTOOL_MERGE) -x -u /tmp $< $@'
INTLTOOL_XML_RULE='%.xml:       %.xml.in       $(INTLTOOL_MERGE) $(wildcard $(top_srcdir)/po/*.po) ; LC_ALL=C $(INTLTOOL_MERGE) -x -u -c $(top_builddir)/po/.intltool-merge-cache $(top_srcdir)/po $< $@'
LDFLAGS=''
LIBOBJS=''
LIBS=''
LIBTOOL='$(SHELL) $(top_builddir)/libtool'
LN_S='ln -s'
LTLIBOBJS=''
MAINT=''
MAINTAINER_MODE_FALSE='#'
MAINTAINER_MODE_TRUE=''
MAKEINFO='${SHELL} /home/mathias/Projects/sudoku-cpp/missing --run makeinfo'
MKINSTALLDIRS='./mkinstalldirs'
MSGFMT='/usr/bin/msgfmt'
MSGFMT_OPTS='-c'
OBJEXT='o'
PACKAGE='sudoku-cpp'
PACKAGE_BUGREPORT=''
PACKAGE_NAME='sudoku-cpp'
PACKAGE_STRING='sudoku-cpp 0.1'
PACKAGE_TARNAME='sudoku-cpp'
PACKAGE_VERSION='0.1'
PATH_SEPARATOR=':'
POFILES=''
POSUB='po'
PO_IN_DATADIR_FALSE=''
PO_IN_DATADIR_TRUE=''
RANLIB='ranlib'
SED='/bin/sed'
SET_MAKE=''
SHELL='/bin/bash'
STRIP='strip'
USE_NLS='yes'
VERSION='0.1'
XGETTEXT='/usr/bin/xgettext'
ac_ct_CC='gcc'
ac_ct_CXX='g++'
ac_ct_F77=''
am__fastdepCC_FALSE='#'
am__fastdepCC_TRUE=''
am__fastdepCXX_FALSE='#'
am__fastdepCXX_TRUE=''
am__include='include'
am__isrc=''
am__leading_dot='.'
am__quote=''
am__tar='${AMTAR} chof - "$$tardir"'
am__untar='${AMTAR} xf -'
bindir='${exec_prefix}/bin'
build='i686-pc-linux-gnu'
build_alias=''
build_cpu='i686'
build_os='linux-gnu'
build_vendor='pc'
datadir='${datarootdir}'
datarootdir='${prefix}/share'
docdir='${datarootdir}/doc/${PACKAGE_TARNAME}'
dvidir='${docdir}'
exec_prefix='${prefix}'
host='i686-pc-linux-gnu'
host_alias=''
host_cpu='i686'
host_os='linux-gnu'
host_vendor='pc'
htmldir='${docdir}'
includedir='${prefix}/include'
infodir='${datarootdir}/info'
install_sh='$(SHELL) /home/mathias/Projects/sudoku-cpp/install-sh'
libdir='${exec_prefix}/lib'
libexecdir='${exec_prefix}/libexec'
localedir='${datarootdir}/locale'
localstatedir='${prefix}/var'
mandir='${datarootdir}/man'
mkdir_p='/bin/mkdir -p'
oldincludedir='/usr/include'
pdfdir='${docdir}'
prefix='/usr/local'
program_transform_name='s,x,x,'
psdir='${docdir}'
sbindir='${exec_prefix}/sbin'
sharedstatedir='${prefix}/com'
sysconfdir='${prefix}/etc'
target_alias=''

## ----------- ##
## confdefs.h. ##
## ----------- ##

#define PACKAGE_NAME "sudoku-cpp"
#define PACKAGE_TARNAME "sudoku-cpp"
#define PACKAGE_VERSION "0.1"
#define PACKAGE_STRING "sudoku-cpp 0.1"
#define PACKAGE_BUGREPORT ""
#define PACKAGE "sudoku-cpp"
#define VERSION "0.1"
#define STDC_HEADERS 1
#define GETTEXT_PACKAGE "sudoku-cpp"
#define HAVE_SYS_TYPES_H 1
#define HAVE_SYS_STAT_H 1
#define HAVE_STDLIB_H 1
#define HAVE_STRING_H 1
#define HAVE_MEMORY_H 1
#define HAVE_STRINGS_H 1
#define HAVE_INTTYPES_H 1
#define HAVE_STDINT_H 1
#define HAVE_UNISTD_H 1
#define HAVE_LOCALE_H 1
#define HAVE_LC_MESSAGES 1
#define HAVE_BIND_TEXTDOMAIN_CODESET 1
#define HAVE_GETTEXT 1
#define HAVE_DCGETTEXT 1
#define ENABLE_NLS 1
#define HAVE_DLFCN_H 1

configure: exit 0

## ---------------------- ##
## Running config.status. ##
## ---------------------- ##

This file was extended by sudoku-cpp config.status 0.1, which was
generated by GNU Autoconf 2.61.  Invocation command line was

  CONFIG_FILES    = 
  CONFIG_HEADERS  = 
  CONFIG_LINKS    = 
  CONFIG_COMMANDS = 
  $ ./config.status src/Makefile depfiles

on mathias-laptop

config.status:715: creating src/Makefile
config.status:995: executing depfiles commands
